<?xml version="1.0" encoding="UTF-8"?>
<!-- Generated by org.testng.reporters.JUnitReportReporter -->
<testsuite hostname="KTL-PC-0016-PRECIOUS" failures="0" tests="1" name="testCases.TC004_SearchProductTest" time="17.399" errors="0" timestamp="2025-03-13T16:32:39 WAT" skipped="0">
  <testcase classname="testCases.TC004_SearchProductTest" name="Verify_ProductSearch" time="17.399"/>
</testsuite> <!-- testCases.TC004_SearchProductTest -->
