<?xml version="1.0" encoding="UTF-8"?>
<!-- Generated by org.testng.reporters.JUnitReportReporter -->
<testsuite hostname="KTL-PC-0016-PRECIOUS" failures="0" tests="1" name="testCases.TC002_LoginTest" time="23.732" errors="0" timestamp="2025-03-13T16:32:39 WAT" skipped="0">
  <testcase classname="testCases.TC002_LoginTest" name="Verify_Login" time="23.732"/>
</testsuite> <!-- testCases.TC002_LoginTest -->
