<?xml version="1.0" encoding="UTF-8"?>
<!-- Generated by org.testng.reporters.JUnitReportReporter -->
<testsuite hostname="KTL-PC-0016-PRECIOUS" failures="0" tests="1" name="testCases.TC005_ForgotPasswordTest" time="25.175" errors="0" timestamp="2025-03-14T16:18:54 WAT" skipped="0">
  <testcase classname="testCases.TC005_ForgotPasswordTest" name="Verify_ForgotPassword" time="25.175"/>
</testsuite> <!-- testCases.TC005_ForgotPasswordTest -->
