<?xml version="1.0" encoding="UTF-8"?>
<!-- Generated by org.testng.reporters.JUnitReportReporter -->
<testsuite hostname="KTL-PC-0016-PRECIOUS" failures="0" tests="1" name="testCases.TC004_SearchProductTest" time="16.908" errors="0" timestamp="2025-03-14T16:18:54 WAT" skipped="0">
  <testcase classname="testCases.TC004_SearchProductTest" name="Verify_ProductSearch" time="16.908"/>
</testsuite> <!-- testCases.TC004_SearchProductTest -->
